0.00 490
0.00 489
0.00 488
0.00 487
0.01 486
0.01 485
0.02 484
0.02 483
0.02 482
0.03 481
0.04 480
0.05 479
0.06 478
0.07 477
0.08 476
0.09 475
0.11 474
0.12 473
0.14 472
0.15 471
0.17 470
0.18 469
0.20 468
0.22 467
0.25 466
0.27 465
0.29 464
0.32 463
0.34 462
0.36 461
0.39 460
0.41 459
0.44 458
0.47 457
0.50 456
0.54 455
0.58 454
0.62 453
0.65 452
0.68 451
0.72 450
0.75 449
0.79 448
0.83 447
0.87 446
0.92 445
0.96 444
1.01 443
1.06 442
1.10 441
1.15 440
1.19 439
1.24 438
1.29 437
1.34 436
1.39 435
1.45 434
1.49 433
1.53 432
1.57 431
1.61 430
1.66 429
1.70 428
1.75 427
1.79 426
1.84 425
1.89 424
1.94 423
1.99 422
2.04 421
2.09 420
2.14 419
2.20 418
2.25 417
2.30 416
2.35 415
2.41 414
2.46 413
2.52 412
2.57 411
2.63 410
2.68 409
2.74 408
2.80 407
2.85 406
2.91 405
2.97 404
3.03 403
3.09 402
3.15 401
3.20 400
3.27 399
3.33 398
3.39 397
3.45 396
3.51 395
3.58 394
3.64 393
3.70 392
3.77 391
3.83 390
3.90 389
3.96 388
4.03 387
4.10 386
4.19 385
4.27 384
4.33 383
4.39 382
4.46 381
4.52 380
4.58 379
4.65 378
4.72 377
4.80 376
4.88 375
4.95 374
5.03 373
5.10 372
5.19 371
5.28 370
5.35 369
5.42 368
5.48 367
5.56 366
5.64 365
5.72 364
5.80 363
5.88 362
5.96 361
6.04 360
6.12 359
6.20 358
6.28 357
6.36 356
6.44 355
6.52 354
6.61 353
6.69 352
6.79 351
6.89 350
6.98 349
7.07 348
7.16 347
7.25 346
7.33 345
7.40 344
7.50 343
7.60 342
7.70 341
7.80 340
7.90 339
7.99 338
8.09 337
8.19 336
8.35 335
8.44 334
8.52 333
8.61 332
8.70 331
8.79 330
8.87 329
8.98 328
9.09 327
9.21 326
9.32 325
9.42 324
9.52 323
9.63 322
9.73 321
9.84 320
9.93 319
10.02 318
10.11 317
10.21 316
10.30 315
10.40 314
10.50 313
10.59 312
10.69 311
10.82 310
10.91 309
11.02 308
11.12 307
11.22 306
11.33 305
11.42 304
11.52 303
11.61 302
11.71 301
11.81 300
11.91 299
12.01 298
12.12 297
12.22 296
12.33 295
12.43 294
12.53 293
12.63 292
12.73 291
12.83 290
12.93 289
13.04 288
13.14 287
13.24 286
13.34 285
13.45 284
13.55 283
13.66 282
13.76 281
13.86 280
13.97 279
14.08 278
14.18 277
14.29 276
14.39 275
14.50 274
14.61 273
14.72 272
14.83 271
14.94 270
15.05 269
15.15 268
15.27 267
15.38 266
15.49 265
15.59 264
15.70 263
15.81 262
15.92 261
16.03 260
16.15 259
16.28 258
16.41 257
16.52 256
16.62 255
16.72 254
16.84 253
16.95 252
17.07 251
17.19 250
17.32 249
17.42 248
17.53 247
17.64 246
17.76 245
17.89 244
18.01 243
18.14 242
18.26 241
18.38 240
18.50 239
18.63 238
18.76 237
18.88 236
19.00 235
19.15 234
19.30 233
19.41 232
19.52 231
19.64 230
19.77 229
19.90 228
20.02 227
20.14 226
20.27 225
20.41 224
20.53 223
20.66 222
20.79 221
20.92 220
21.05 219
21.18 218
21.32 217
21.44 216
21.57 215
21.70 214
21.83 213
21.97 212
22.11 211
22.23 210
22.39 209
22.55 208
22.67 207
22.81 206
22.96 205
23.09 204
23.24 203
23.38 202
23.53 201
23.68 200
23.84 199
23.97 198
24.11 197
24.27 196
