0.00 1027
0.00 1026
0.00 1025
0.00 1024
0.01 1023
0.01 1022
0.01 1021
0.02 1020
0.03 1019
0.04 1018
0.04 1017
0.05 1016
0.06 1015
0.07 1014
0.08 1013
0.09 1012
0.10 1011
0.12 1010
0.13 1009
0.15 1008
0.16 1007
0.17 1006
0.19 1005
0.21 1004
0.22 1003
0.25 1002
0.26 1001
0.28 1000
0.31 999
0.33 998
0.36 997
0.39 996
0.42 995
0.44 994
0.47 993
0.49 992
0.53 991
0.56 990
0.60 989
0.64 988
0.67 987
0.71 986
0.75 985
0.79 984
0.83 983
0.87 982
0.91 981
0.95 980
0.99 979
1.03 978
1.08 977
1.14 976
1.20 975
1.25 974
1.29 973
1.34 972
1.38 971
1.42 970
1.47 969
1.51 968
1.56 967
1.60 966
1.65 965
1.69 964
1.74 963
1.79 962
1.83 961
1.88 960
1.93 959
1.98 958
2.03 957
2.09 956
2.14 955
2.20 954
2.26 953
2.31 952
2.37 951
2.43 950
2.49 949
2.55 948
2.61 947
2.67 946
2.72 945
2.78 944
2.85 943
2.92 942
2.99 941
3.06 940
3.13 939
3.20 938
3.27 937
3.34 936
3.41 935
3.48 934
3.55 933
3.63 932
3.70 931
3.78 930
3.86 929
3.93 928
3.99 927
4.07 926
4.14 925
4.22 924
4.29 923
4.40 922
4.46 921
4.54 920
4.63 919
4.70 918
4.79 917
4.89 916
4.97 915
5.07 914
5.16 913
5.34 912
5.43 911
5.52 910
5.61 909
5.74 908
5.90 907
6.02 906
6.14 905
6.26 904
6.36 903
6.47 902
6.58 901
6.68 900
6.77 899
6.88 898
6.99 897
7.11 896
7.22 895
7.32 894
7.42 893
7.52 892
7.65 891
7.79 890
7.89 889
7.99 888
8.09 887
8.20 886
8.31 885
8.45 884
8.57 883
8.67 882
8.77 881
8.91 880
9.02 879
9.13 878
9.24 877
9.38 876
9.50 875
9.61 874
9.72 873
9.84 872
9.97 871
10.09 870
10.19 869
10.34 868
10.46 867
10.57 866
10.68 865
10.82 864
10.94 863
11.04 862
11.15 861
11.27 860
11.39 859
11.53 858
11.65 857
11.76 856
11.88 855
12.02 854
12.14 853
12.25 852
12.38 851
12.49 850
12.61 849
12.73 848
12.85 847
12.99 846
13.15 845
13.30 844
13.43 843
13.59 842
13.75 841
13.96 840
14.11 839
14.24 838
14.41 837
14.56 836
14.70 835
14.84 834
14.97 833
15.19 832
15.39 831
15.55 830
15.75 829
15.91 828
16.05 827
16.19 826
16.33 825
16.51 824
16.66 823
16.80 822
16.95 821
17.09 820
17.26 819
17.41 818
17.59 817
17.77 816
17.97 815
18.14 814
18.34 813
18.53 812
18.70 811
18.87 810
19.08 809
19.28 808
19.46 807
19.69 806
19.92 805
20.10 804
20.32 803
20.54 802
20.76 801
20.99 800
21.17 799
21.41 798
21.69 797
21.91 796
22.11 795
22.32 794
22.56 793
22.77 792
23.00 791
23.25 790
23.46 789
23.68 788
23.93 787
24.17 786
24.41 785
24.64 784
24.89 783
25.12 782
25.37 781
25.61 780
25.85 779
26.10 778
26.35 777
26.62 776
26.86 775
27.12 774
27.35 773
27.57 772
27.82 771
28.05 770
28.30 769
28.55 768
28.79 767
28.98 766
29.18 765
29.36 764
29.58 763
29.83 762
30.02 761
30.20 760
30.40 759
30.62 758
30.91 757
31.17 756
31.37 755
31.55 754
31.75 753
31.95 752
32.14 751
32.37 750
32.58 749
32.78 748
32.99 747
33.19 746
33.41 745
33.66 744
33.96 743
34.30 742
34.57 741
34.84 740
35.11 739
35.38 738
35.66 737
35.90 736
36.14 735
36.40 734
36.61 733
36.81 732
37.04 731
37.27 730
37.54 729
37.77 728
37.99 727
38.23 726
38.48 725
38.71 724
38.95 723
39.18 722
39.41 721
39.65 720
39.88 719
40.11 718
40.34 717
40.59 716
40.81 715
41.04 714
41.30 713
41.57 712
41.85 711
42.08 710
42.30 709
42.55 708
42.76 707
42.98 706
43.21 705
43.44 704
43.67 703
43.90 702
44.13 701
44.35 700
44.58 699
44.80 698
45.04 697
45.27 696
45.51 695
45.73 694
45.95 693
46.19 692
46.41 691
46.64 690
46.85 689
47.09 688
47.33 687
47.57 686
47.79 685
48.02 684
48.25 683
48.49 682
48.75 681
49.00 680
49.22 679
49.46 678
49.70 677
49.94 676
50.18 675
50.43 674
50.69 673
50.92 672
51.15 671
51.39 670
51.65 669
51.89 668
52.14 667
52.38 666
52.62 665
52.88 664
53.12 663
53.38 662
53.64 661
53.91 660
54.20 659
54.43 658
54.68 657
54.99 656
55.24 655
55.50 654
55.74 653
55.98 652
56.23 651
56.49 650
56.74 649
57.01 648
57.26 647
57.51 646
57.79 645
58.04 644
58.30 643
58.62 642
58.87 641
59.13 640
59.39 639
59.66 638
59.92 637
60.19 636
