0.00 629
0.00 628
0.00 627
0.01 626
0.02 625
0.02 624
0.03 623
0.04 622
0.06 621
0.07 620
0.09 619
0.11 618
0.13 617
0.15 616
0.18 615
0.20 614
0.23 613
0.27 612
0.30 611
0.34 610
0.38 609
0.42 608
0.46 607
0.50 606
0.55 605
0.60 604
0.65 603
0.70 602
0.75 601
0.81 600
0.87 599
0.93 598
0.99 597
1.05 596
1.12 595
1.18 594
1.25 593
1.31 592
1.38 591
1.45 590
1.52 589
1.59 588
1.66 587
1.73 586
1.80 585
1.87 584
1.95 583
2.02 582
2.10 581
2.19 580
2.27 579
2.35 578
2.44 577
2.53 576
2.67 575
2.75 574
2.87 573
2.96 572
3.05 571
3.14 570
3.24 569
3.34 568
3.45 567
3.56 566
3.67 565
3.77 564
3.88 563
3.98 562
4.09 561
4.20 560
4.31 559
4.49 558
4.59 557
4.69 556
4.81 555
4.92 554
5.03 553
5.15 552
5.27 551
5.39 550
5.51 549
5.64 548
5.77 547
5.89 546
6.02 545
6.15 544
6.28 543
6.41 542
6.54 541
6.68 540
6.81 539
6.94 538
7.08 537
7.21 536
7.36 535
7.49 534
7.63 533
7.77 532
7.91 531
8.05 530
8.21 529
8.38 528
8.58 527
8.76 526
8.90 525
9.05 524
9.20 523
9.35 522
9.51 521
9.66 520
9.81 519
9.96 518
10.12 517
10.28 516
10.43 515
10.59 514
10.76 513
10.99 512
11.13 511
11.30 510
11.47 509
11.64 508
11.81 507
11.98 506
12.15 505
12.32 504
12.50 503
12.67 502
12.84 501
13.01 500
13.19 499
13.36 498
13.53 497
13.71 496
13.89 495
14.07 494
14.27 493
14.51 492
14.67 491
14.86 490
15.04 489
15.23 488
15.41 487
15.60 486
15.79 485
15.99 484
16.18 483
16.38 482
16.58 481
16.78 480
16.97 479
17.17 478
17.36 477
17.57 476
17.78 475
17.98 474
18.18 473
18.38 472
18.60 471
18.80 470
19.01 469
19.22 468
19.43 467
19.64 466
19.85 465
20.07 464
20.29 463
20.52 462
20.78 461
20.98 460
21.18 459
21.43 458
21.65 457
21.87 456
22.09 455
22.32 454
22.54 453
22.76 452
22.99 451
23.23 450
23.46 449
23.69 448
23.93 447
24.17 446
24.41 445
24.65 444
24.88 443
25.12 442
25.37 441
25.62 440
25.90 439
26.13 438
26.38 437
26.62 436
26.88 435
27.13 434
27.38 433
27.63 432
27.88 431
28.13 430
28.39 429
28.64 428
28.90 427
29.15 426
29.41 425
29.67 424
29.93 423
30.18 422
30.44 421
30.72 420
31.01 419
31.26 418
31.52 417
31.78 416
32.04 415
32.30 414
32.56 413
32.82 412
33.10 411
33.37 410
33.63 409
33.90 408
34.17 407
34.44 406
34.72 405
34.99 404
35.27 403
35.54 402
35.81 401
36.17 400
36.47 399
36.72 398
37.00 397
37.28 396
37.57 395
37.86 394
38.14 393
38.43 392
38.72 391
39.01 390
39.30 389
39.59 388
39.88 387
40.17 386
40.47 385
40.77 384
41.06 383
41.36 382
41.65 381
41.95 380
42.25 379
42.56 378
42.93 377
43.22 376
43.54 375
43.86 374
44.17 373
44.49 372
44.80 371
45.11 370
45.42 369
45.73 368
46.05 367
46.34 366
46.63 365
46.94 364
47.27 363
47.59 362
47.93 361
48.24 360
48.56 359
48.87 358
49.19 357
49.52 356
49.84 355
50.16 354
50.49 353
50.81 352
51.14 351
51.46 350
51.79 349
52.12 348
52.44 347
52.76 346
53.10 345
53.43 344
53.76 343
54.11 342
54.44 341
54.78 340
55.11 339
55.44 338
55.78 337
56.12 336
56.48 335
56.81 334
57.13 333
57.47 332
57.93 331
58.23 330
58.59 329
58.93 328
59.27 327
59.62 326
59.96 325
60.31 324
