47.24 1153
47.24 1152
47.24 1151
47.24 1150
47.24 1149
47.24 1148
47.24 1147
47.24 1146
47.24 1145
47.25 1144
47.25 1143
47.25 1142
47.25 1141
47.26 1140
47.26 1139
47.26 1138
47.26 1137
47.27 1136
47.27 1135
47.28 1134
47.28 1133
47.28 1132
47.29 1131
47.29 1130
47.30 1129
47.30 1128
47.31 1127
47.31 1126
47.32 1125
47.32 1124
47.33 1123
47.34 1122
47.34 1121
47.35 1120
47.36 1119
47.36 1118
47.37 1117
47.38 1116
47.38 1115
47.39 1114
47.40 1113
47.41 1112
47.42 1111
47.42 1110
47.43 1109
47.44 1108
47.45 1107
47.46 1106
47.47 1105
47.48 1104
47.49 1103
47.50 1102
47.51 1101
47.52 1100
47.53 1099
47.54 1098
47.55 1097
47.56 1096
47.58 1095
47.59 1094
47.60 1093
47.61 1092
47.63 1091
47.64 1090
47.65 1089
47.67 1088
47.68 1087
47.69 1086
47.71 1085
47.72 1084
47.75 1083
47.77 1082
47.78 1081
47.80 1080
47.81 1079
47.83 1078
47.84 1077
47.86 1076
47.88 1075
47.89 1074
47.91 1073
47.93 1072
47.95 1071
47.96 1070
47.98 1069
48.00 1068
48.02 1067
48.04 1066
48.06 1065
48.07 1064
48.09 1063
48.11 1062
48.13 1061
48.15 1060
48.17 1059
48.19 1058
48.22 1057
48.24 1056
48.26 1055
48.28 1054
48.30 1053
48.32 1052
48.35 1051
48.37 1050
48.39 1049
48.41 1048
48.44 1047
48.47 1046
48.49 1045
48.51 1044
48.54 1043
48.56 1042
48.59 1041
48.62 1040
48.65 1039
48.67 1038
48.70 1037
48.73 1036
48.75 1035
48.78 1034
48.81 1033
48.84 1032
48.87 1031
48.89 1030
48.92 1029
48.95 1028
48.97 1027
49.00 1026
49.03 1025
49.06 1024
49.10 1023
49.14 1022
49.16 1021
49.19 1020
49.22 1019
49.25 1018
49.28 1017
49.32 1016
49.36 1015
49.39 1014
49.43 1013
49.46 1012
49.49 1011
49.54 1010
49.57 1009
49.60 1008
49.65 1007
49.68 1006
49.71 1005
49.76 1004
49.79 1003
49.84 1002
49.87 1001
49.92 1000
49.95 999
49.99 998
50.03 997
50.07 996
50.10 995
50.15 994
50.20 993
50.23 992
50.28 991
50.32 990
50.37 989
50.40 988
50.45 987
50.50 986
50.55 985
50.59 984
50.64 983
50.69 982
50.73 981
50.78 980
50.83 979
50.88 978
50.94 977
50.99 976
51.04 975
51.09 974
51.14 973
51.19 972
51.24 971
51.30 970
51.35 969
51.40 968
51.46 967
51.51 966
51.57 965
51.62 964
51.68 963
51.74 962
51.79 961
51.85 960
51.91 959
51.97 958
52.03 957
52.09 956
52.15 955
52.21 954
52.27 953
52.33 952
52.39 951
52.45 950
52.51 949
52.57 948
52.64 947
52.70 946
52.76 945
52.83 944
52.89 943
52.95 942
53.02 941
53.08 940
53.14 939
53.22 938
53.28 937
53.35 936
53.41 935
53.49 934
53.55 933
53.63 932
53.69 931
53.75 930
53.83 929
53.90 928
53.97 927
54.05 926
54.11 925
54.19 924
54.26 923
54.33 922
54.41 921
54.49 920
54.55 919
54.63 918
54.71 917
54.79 916
54.87 915
54.94 914
55.02 913
55.10 912
55.18 911
55.25 910
55.33 909
55.41 908
55.50 907
55.58 906
55.66 905
55.74 904
55.83 903
55.91 902
55.99 901
56.08 900
56.16 899
56.26 898
56.34 897
56.43 896
56.51 895
56.60 894
56.68 893
56.77 892
56.87 891
56.95 890
57.05 889
57.13 888
57.22 887
57.32 886
57.41 885
57.50 884
57.65 883
57.74 882
57.83 881
57.94 880
58.04 879
58.13 878
58.23 877
58.34 876
58.43 875
58.54 874
58.64 873
58.73 872
58.84 871
58.94 870
59.04 869
59.14 868
59.25 867
59.35 866
59.46 865
59.57 864
59.66 863
59.77 862
59.88 861
59.99 860
60.10 859
60.21 858
60.32 857
60.43 856
60.54 855
60.65 854
60.76 853
60.88 852
61.00 851
61.11 850
61.23 849
61.35 848
61.47 847
61.60 846
61.72 845
61.85 844
61.98 843
62.11 842
62.24 841
62.37 840
62.49 839
62.62 838
62.75 837
62.88 836
63.00 835
63.14 834
63.27 833
63.41 832
63.55 831
63.68 830
63.82 829
63.96 828
64.10 827
64.24 826
64.37 825
64.51 824
64.65 823
64.81 822
64.94 821
65.10 820
65.24 819
65.38 818
65.54 817
65.68 816
65.82 815
65.97 814
66.13 813
66.27 812
66.43 811
66.59 810
66.74 809
66.90 808
67.07 807
67.22 806
67.38 805
67.54 804
67.70 803
67.86 802
68.02 801
68.25 800
68.42 799
68.59 798
68.76 797
68.93 796
69.28 795
69.48 794
69.69 793
69.89 792
70.12 791
70.33 790
70.53 789
70.74 788
70.95 787
71.16 786
71.37 785
71.58 784
71.79 783
72.00 782
72.22 781
72.43 780
72.64 779
72.86 778
73.08 777
73.30 776
73.57 775
73.80 774
74.02 773
74.25 772
74.47 771
74.70 770
74.92 769
75.14 768
75.38 767
75.60 766
75.83 765
76.07 764
76.31 763
76.54 762
76.78 761
77.02 760
77.25 759
77.49 758
77.73 757
77.96 756
78.20 755
78.45 754
78.70 753
78.94 752
79.18 751
79.43 750
79.68 749
79.92 748
80.17 747
80.75 746
81.09 745
81.43 744
81.78 743
82.11 742
82.45 741
82.81 740
83.15 739
83.50 738
83.85 737
84.20 736
84.54 735
84.90 734
85.25 733
85.61 732
85.97 731
86.75 730
87.22 729
87.69 728
88.16 727
88.63 726
89.12 725
89.59 724
90.44 723
108.50 722
109.17 721
109.68 720
110.23 719
110.75 718
111.27 717
111.80 716
112.32 715
112.84 714
113.38 713
113.91 712
114.46 711
114.99 710
115.53 709
116.07 708
116.61 707
117.16 706
117.70 705
118.24 704
118.80 703
119.35 702
119.92 701
120.47 700
121.03 699
121.59 698
122.15 697
122.72 696
123.30 695
124.07 694
124.65 693
125.22 692
125.80 691
126.36 690
126.96 689
127.54 688
128.14 687
128.75 686
129.36 685
130.39 684
131.03 683
131.79 682
132.44 681
133.13 680
134.26 679
134.98 678
135.70 677
136.59 676
137.33 675
138.03 674
138.78 673
139.49 672
140.25 671
140.97 670
141.73 669
142.55 668
143.32 667
144.07 666
144.85 665
145.59 664
146.98 663
147.84 662
148.72 661
149.58 660
150.48 659
151.35 658
152.81 657
153.67 656
154.55 655
155.44 654
156.99 653
158.60 652
159.60 651
160.64 650
162.46 649
164.03 648
165.98 647
167.62 646
169.54 645
171.39 644
173.32 643
174.97 642
176.91 641
178.57 640
180.52 639
182.18 638
184.16 637
185.81 636
187.84 635
189.52 634
191.76 633
193.55 632
195.77 631
197.56 630
199.71 629
201.35 628
203.51 627
205.16 626
207.50 625
209.26 624
211.60 623
213.38 622
215.85 621
217.76 620
220.26 619
222.05 618
224.71 617
226.45 616
228.97 615
230.69 614
233.22 613
234.94 612
237.65 611
240.25 610
243.07 609
245.65 608
248.42 607
251.02 606
253.80 605
256.41 604
259.22 603
261.82 602
264.86 601
267.23 600
270.52 599
272.73 598
275.28 597
277.52 596
279.74 595
281.98 594
284.23 593
287.71 592
290.08 591
292.43 590
294.79 589
297.19 588
300.99 587
304.13 586
307.92 585
311.09 584
314.94 583
318.11 582
321.95 581
325.11 580
329.12 579
332.54 578
337.37 577
340.99 576
345.41 575
349.06 574
353.51 573
357.12 572
361.60 571
365.23 570
369.77 569
373.41 568
377.99 567
381.63 566
386.28 565
389.89 564
394.60 563
398.24 562
403.00 561
406.61 560
411.66 559
415.52 558
420.62 557
424.46 556
429.60 555
434.03 554
439.65 553
445.32 552
449.24 551
455.08 550
459.05 549
466.25 548
470.58 547
475.39 546
480.29 545
486.73 544
491.14 543
495.68 542
500.11 541
506.71 540
511.19 539
517.99 538
522.59 537
529.72 536
535.30 535
542.53 534
549.12 533
556.23 532
562.79 531
570.27 530
577.15 529
584.82 528
592.02 527
600.65 526
608.55 525
617.21 524
625.13 523
634.22 522
642.42 521
651.71 520
666.78 519
676.19 518
684.48 517
694.15 516
702.79 515
712.85 514
723.12 513
732.92 512
741.82 511
751.51 510
759.57 509
769.47 508
777.62 507
787.68 506
795.86 505
806.10 504
814.34 503
824.82 502
832.62 501
840.39 500
851.58 499
859.96 498
868.39 497
876.82 496
888.26 495
896.61 494
905.02 493
913.46 492
925.21 491
933.88 490
946.39 489
955.50 488
964.64 487
1322.09 486
