35.14 597
35.14 596
35.14 595
35.14 594
35.15 593
35.15 592
35.15 591
35.15 590
35.15 589
35.16 588
35.16 587
35.16 586
35.17 585
35.17 584
35.17 583
35.18 582
35.18 581
35.19 580
35.19 579
35.20 578
35.20 577
35.21 576
35.22 575
35.22 574
35.23 573
35.24 572
35.25 571
35.26 570
35.27 569
35.27 568
35.69 567
35.92 566
36.21 565
36.45 564
36.68 563
36.91 562
37.15 561
37.38 560
37.61 559
37.84 558
38.07 557
38.30 556
38.62 555
38.85 554
39.09 553
39.32 552
39.56 551
39.79 550
40.03 549
40.26 548
40.51 547
40.74 546
40.98 545
41.22 544
41.45 543
41.69 542
41.93 541
42.17 540
42.40 539
42.64 538
42.88 537
43.12 536
43.36 535
43.61 534
43.85 533
44.09 532
44.33 531
44.57 530
44.81 529
45.06 528
45.30 527
45.55 526
45.79 525
46.03 524
46.28 523
46.52 522
46.77 521
47.02 520
47.26 519
47.51 518
47.75 517
48.00 516
48.24 515
48.49 514
48.74 513
48.99 512
49.24 511
49.49 510
49.93 509
50.20 508
50.46 507
50.73 506
51.00 505
51.27 504
51.53 503
51.80 502
52.07 501
52.34 500
52.60 499
52.87 498
53.14 497
53.42 496
53.69 495
53.95 494
54.23 493
54.50 492
54.77 491
55.04 490
55.31 489
55.61 488
56.06 487
56.41 486
56.72 485
57.00 484
57.31 483
57.62 482
57.93 481
58.25 480
58.56 479
58.87 478
59.20 477
59.52 476
59.84 475
60.15 474
60.48 473
60.80 472
61.15 471
61.50 470
105.90 469
106.67 468
107.12 467
107.56 466
108.00 465
108.52 464
108.95 463
109.34 462
109.72 461
110.02 460
110.54 459
110.92 458
111.26 457
111.86 456
112.27 455
112.64 454
113.04 453
113.43 452
113.81 451
114.19 450
114.58 449
114.95 448
115.34 447
115.73 446
116.11 445
116.50 444
116.90 443
117.34 442
117.73 441
118.13 440
118.52 439
118.96 438
119.37 437
119.77 436
120.19 435
120.86 434
121.26 433
121.65 432
122.06 431
122.46 430
122.85 429
123.26 428
123.90 427
124.31 426
124.71 425
125.11 424
125.52 423
125.92 422
126.32 421
126.74 420
127.15 419
127.56 418
127.98 417
128.40 416
128.83 415
129.26 414
129.67 413
130.08 412
130.52 411
130.93 410
131.35 409
132.07 408
132.50 407
132.96 406
133.41 405
134.07 404
134.55 403
135.04 402
135.58 401
136.10 400
136.65 399
137.37 398
137.95 397
139.00 396
139.65 395
140.29 394
140.89 393
141.52 392
142.13 391
142.85 390
143.46 389
144.10 388
144.72 387
145.35 386
145.97 385
146.64 384
147.27 383
147.92 382
148.60 381
149.25 380
149.89 379
150.59 378
151.23 377
152.60 376
153.43 375
154.30 374
155.13 373
156.59 372
157.49 371
158.38 370
159.35 369
160.95 368
162.02 367
162.94 366
163.90 365
164.83 364
165.98 363
167.32 362
168.30 361
169.36 360
170.31 359
171.44 358
172.38 357
173.32 356
175.01 355
177.13 354
178.52 353
179.92 352
181.95 351
183.29 350
184.59 349
186.76 348
188.24 347
189.78 346
192.14 345
194.52 344
196.13 343
198.85 342
200.71 341
202.87 340
204.76 339
206.85 338
208.77 337
210.73 336
213.11 335
215.04 334
217.02 333
218.97 332
220.97 331
222.99 330
224.99 329
228.75 328
231.27 327
233.81 326
236.31 325
240.36 324
243.11 323
245.87 322
248.61 321
253.38 320
257.29 319
262.58 318
267.42 317
272.51 316
277.22 315
281.36 314
286.83 313
290.33 312
295.54 311
300.84 310
306.66 309
310.84 308
316.91 307
322.30 306
328.57 305
333.24 304
337.85 303
343.95 302
348.44 301
354.47 300
360.66 299
371.00 298
377.81 297
387.06 296
395.54 295
403.98 294
414.58 293
429.19 292
437.19 291
450.43 290
459.12 289
465.81 288
474.77 287
497.23 286
507.40 285
515.48 284
523.92 283
535.83 282
544.81 281
556.08 280
580.40 279
593.73 278
603.92 277
618.83 276
670.95 275
686.76 274
702.81 273
749.89 272
767.90 271
783.46 270
869.14 269
895.85 268
917.58 267
940.28 266
961.33 265
989.12 264
1191.49 263
1255.89 262
1290.99 261
1328.70 260
