0.00 374
0.01 373
0.02 372
0.03 371
0.06 370
0.09 369
0.14 368
0.19 367
0.25 366
0.30 365
0.35 364
0.40 363
0.46 362
0.53 361
0.61 360
0.68 359
0.76 358
0.84 357
0.92 356
1.03 355
1.26 354
1.35 353
1.45 352
1.55 351
1.65 350
1.75 349
1.99 348
2.11 347
2.22 346
2.34 345
2.50 344
2.65 343
2.78 342
2.91 341
3.06 340
3.23 339
3.39 338
3.54 337
3.70 336
3.86 335
4.04 334
4.31 333
4.52 332
4.76 331
5.00 330
5.21 329
5.49 328
5.90 327
6.55 326
7.07 325
7.46 324
7.73 323
8.04 322
8.33 321
8.71 320
9.00 319
9.22 318
9.45 317
9.66 316
9.85 315
10.03 314
10.22 313
10.42 312
10.62 311
10.81 310
11.00 309
11.20 308
11.42 307
11.64 306
11.84 305
12.08 304
12.28 303
12.49 302
12.69 301
12.90 300
13.11 299
13.34 298
13.56 297
13.79 296
14.02 295
14.33 294
14.61 293
14.86 292
15.11 291
15.36 290
15.62 289
15.85 288
16.08 287
16.30 286
16.52 285
16.74 284
16.98 283
17.20 282
17.42 281
17.68 280
17.92 279
18.16 278
18.42 277
18.66 276
18.92 275
19.18 274
19.45 273
19.71 272
19.98 271
20.22 270
20.50 269
20.75 268
21.02 267
21.29 266
21.56 265
21.83 264
22.07 263
22.31 262
22.58 261
22.86 260
23.10 259
23.37 258
23.62 257
23.85 256
24.09 255
24.34 254
24.61 253
24.87 252
25.13 251
25.45 250
25.75 249
26.06 248
26.37 247
26.69 246
26.98 245
27.27 244
27.55 243
27.84 242
28.13 241
28.41 240
28.69 239
28.98 238
29.32 237
29.64 236
29.96 235
30.28 234
30.56 233
30.87 232
31.18 231
31.46 230
31.74 229
32.03 228
32.32 227
32.61 226
32.90 225
33.19 224
33.49 223
33.79 222
34.20 221
34.51 220
34.82 219
35.13 218
35.50 217
35.90 216
36.28 215
36.66 214
37.02 213
37.37 212
37.70 211
38.06 210
38.44 209
38.82 208
39.22 207
39.61 206
39.98 205
40.40 204
40.96 203
41.44 202
41.91 201
42.35 200
42.84 199
43.22 198
43.64 197
44.04 196
44.47 195
44.90 194
45.30 193
45.78 192
46.27 191
46.69 190
47.14 189
47.58 188
48.01 187
48.45 186
48.86 185
49.40 184
49.89 183
50.37 182
50.86 181
51.34 180
51.87 179
52.41 178
52.93 177
53.50 176
54.01 175
54.51 174
55.05 173
55.63 172
56.20 171
56.65 170
57.13 169
57.60 168
58.10 167
58.59 166
59.06 165
59.55 164
60.05 163
