0.00 129
0.00 128
0.00 127
0.01 126
0.01 125
0.01 124
0.02 123
0.02 122
0.03 121
0.03 120
0.04 119
0.04 118
0.05 117
0.06 116
0.07 115
0.08 114
0.09 113
0.09 112
0.10 111
0.11 110
0.12 109
0.13 108
0.14 107
0.15 106
0.16 105
0.17 104
0.18 103
0.20 102
0.21 101
0.22 100
0.23 99
0.25 98
0.26 97
0.28 96
0.30 95
0.31 94
0.34 93
0.35 92
0.37 91
0.39 90
0.41 89
0.43 88
0.45 87
0.47 86
0.50 85
0.52 84
0.54 83
0.56 82
0.58 81
0.61 80
0.63 79
0.65 78
0.68 77
0.73 76
0.77 75
0.79 74
0.81 73
0.83 72
0.85 71
0.88 70
0.90 69
0.92 68
0.94 67
0.97 66
1.00 65
1.03 64
1.07 63
1.10 62
1.13 61
1.17 60
1.20 59
1.23 58
1.26 57
1.29 56
1.32 55
1.34 54
1.37 53
1.40 52
1.43 51
1.46 50
1.49 49
1.53 48
1.56 47
1.59 46
1.63 45
1.67 44
1.70 43
1.74 42
1.77 41
1.80 40
1.84 39
1.88 38
1.91 37
1.95 36
1.99 35
2.06 34
2.10 33
2.14 32
2.17 31
