35.09 324
35.09 323
35.09 322
35.09 321
35.09 320
35.09 319
35.09 318
35.10 317
35.11 316
35.11 315
35.12 314
35.12 313
35.13 312
35.13 311
35.14 310
35.14 309
35.15 308
35.17 307
35.17 306
35.18 305
35.19 304
35.20 303
35.21 302
35.22 301
35.24 300
35.25 299
35.26 298
35.27 297
35.29 296
35.30 295
35.31 294
35.33 293
35.35 292
35.40 291
35.44 290
35.47 289
35.51 288
35.54 287
35.58 286
35.62 285
35.66 284
35.70 283
35.73 282
35.77 281
35.81 280
35.85 279
35.89 278
35.93 277
35.97 276
36.01 275
36.05 274
36.10 273
36.15 272
36.20 271
36.24 270
36.74 269
37.04 268
37.37 267
38.39 266
38.98 265
39.59 264
40.20 263
40.80 262
41.42 261
42.03 260
42.69 259
43.30 258
43.94 257
44.54 256
45.21 255
45.88 254
46.53 253
47.17 252
47.89 251
48.51 250
49.16 249
49.78 248
50.47 247
51.10 246
51.76 245
52.41 244
53.07 243
53.72 242
54.37 241
55.01 240
55.68 239
56.32 238
57.00 237
57.62 236
58.93 235
59.73 234
60.54 233
61.33 232
63.07 231
64.64 230
65.54 229
66.64 228
67.61 227
68.49 226
69.50 225
70.44 224
71.39 223
73.07 222
74.20 221
75.29 220
76.39 219
77.51 218
78.71 217
80.22 216
81.52 215
82.76 214
84.07 213
85.30 212
86.91 211
88.29 210
92.42 209
95.15 208
97.76 207
100.36 206
103.19 205
105.78 204
109.92 203
115.48 202
117.99 201
120.50 200
123.07 199
125.56 198
128.23 197
130.77 196
134.65 195
137.32 194
141.30 193
144.97 192
149.58 191
151.95 190
154.33 189
158.48 188
161.79 187
168.20 186
174.16 185
178.51 184
184.84 183
189.75 182
194.57 181
202.75 180
211.26 179
221.78 178
230.26 177
236.72 176
248.81 175
259.71 174
267.41 173
276.54 172
285.52 171
301.51 170
314.70 169
356.91 168
391.57 167
410.88 166
428.15 165
445.44 164
463.37 163
480.92 162
507.24 161
583.66 160
599.98 159
