23.52 324
23.52 323
23.52 322
23.52 321
23.52 320
23.54 319
23.54 318
23.54 317
23.54 316
23.54 315
23.54 314
23.55 313
23.55 312
23.55 311
23.55 310
23.57 309
23.57 308
23.58 307
23.59 306
23.60 305
23.60 304
23.61 303
23.61 302
23.61 301
23.63 300
23.65 299
23.65 298
23.66 297
23.68 296
23.68 295
23.69 294
23.71 293
23.73 292
23.77 291
23.79 290
23.82 289
23.84 288
23.87 287
23.90 286
23.93 285
23.96 284
23.99 283
24.01 282
24.04 281
24.08 280
24.11 279
24.14 278
24.17 277
24.20 276
24.23 275
24.26 274
24.30 273
24.33 272
24.37 271
24.41 270
24.79 269
25.04 268
25.27 267
26.05 266
26.53 265
27.16 264
27.73 263
28.35 262
28.88 261
29.44 260
29.99 259
30.51 258
31.01 257
31.49 256
32.09 255
32.57 254
33.04 253
33.53 252
34.04 251
34.52 250
35.04 249
35.52 248
36.00 247
36.52 246
37.02 245
37.53 244
38.04 243
38.53 242
39.06 241
39.55 240
40.07 239
40.54 238
41.05 237
41.53 236
42.48 235
43.11 234
43.70 233
44.33 232
45.61 231
46.77 230
47.47 229
48.21 228
48.93 227
49.64 226
50.36 225
51.06 224
51.77 223
53.06 222
53.90 221
54.83 220
55.69 219
56.62 218
57.54 217
58.73 216
59.67 215
60.68 214
61.66 213
62.65 212
63.97 211
64.89 210
67.52 209
69.71 208
71.55 207
73.34 206
75.21 205
77.12 204
78.85 203
81.22 202
82.87 201
84.55 200
86.22 199
87.90 198
89.62 197
91.99 196
94.49 195
96.16 194
98.70 193
101.02 192
103.86 191
105.45 190
107.03 189
109.76 188
111.95 187
116.19 186
120.15 185
123.06 184
127.22 183
130.54 182
133.84 181
139.15 180
144.62 179
151.60 178
157.23 177
161.49 176
168.48 175
175.79 174
180.92 173
187.07 172
193.19 171
204.05 170
213.05 169
241.24 168
265.87 167
279.62 166
292.48 165
304.80 164
318.25 163
331.08 162
351.66 161
396.57 160
406.75 159
430.84 158
453.51 157
477.67 156
528.80 155
558.34 154
608.07 153
633.29 152
675.20 151
749.26 150
786.22 149
845.53 148
876.70 147
968.14 146
1020.04 145
1101.12 144
1151.61 143
1217.13 142
1284.21 141
