0.01 90
0.01 89
0.01 88
0.01 87
0.01 86
0.01 85
0.01 84
0.01 83
0.01 82
0.01 81
0.01 80
0.01 79
0.01 78
0.01 77
0.01 76
0.01 75
0.01 74
0.01 73
0.01 72
0.01 71
0.01 70
0.01 69
0.01 68
0.01 67
0.01 66
0.01 65
0.01 64
0.01 63
0.01 62
0.01 61
0.01 60
0.01 59
0.01 58
0.01 57
0.03 56
0.03 55
0.03 54
0.03 53
0.03 52
0.03 51
0.03 50
0.03 49
0.03 48
0.04 47
0.04 46
0.04 45
0.04 44
0.04 43
0.04 42
0.05 41
0.05 40
0.05 39
0.05 38
0.05 37
0.05 36
0.05 35
0.06 34
0.06 33
0.06 32
0.06 31
0.07 30
0.07 29
0.07 28
0.07 27
0.08 26
0.08 25
0.08 24
0.11 23
0.12 22
0.14 21
