2.15 208
2.15 207
2.15 206
2.16 205
2.16 204
2.16 203
2.16 202
2.64 201
2.91 200
3.19 199
3.48 198
3.74 197
4.01 196
4.31 195
4.58 194
4.83 193
5.10 192
5.38 191
25.91 190
26.41 189
26.79 188
27.08 187
27.34 186
27.61 185
27.88 184
28.14 183
28.41 182
28.67 181
28.94 180
29.21 179
29.49 178
29.76 177
30.03 176
30.28 175
30.57 174
30.82 173
31.10 172
31.38 171
31.54 170
31.70 169
31.86 168
32.02 167
32.19 166
32.35 165
32.51 164
32.68 163
32.84 162
33.01 161
33.17 160
33.36 159
33.53 158
33.68 157
33.85 156
34.01 155
34.18 154
34.35 153
34.51 152
34.69 151
34.86 150
35.02 149
35.20 148
35.37 147
35.99 146
36.35 145
36.71 144
37.07 143
37.43 142
37.79 141
38.14 140
38.50 139
38.86 138
39.21 137
39.59 136
40.14 135
40.48 134
40.83 133
41.17 132
41.53 131
41.90 130
42.90 129
43.51 128
44.11 127
44.73 126
46.09 125
47.07 124
47.66 123
48.27 122
48.88 121
50.35 120
51.35 119
52.97 118
54.11 117
55.27 116
56.46 115
57.69 114
58.88 113
60.06 112
61.24 111
62.70 110
64.26 109
65.31 108
66.36 107
69.60 106
71.75 105
73.93 104
76.12 103
78.00 102
79.30 101
80.63 100
81.98 99
84.55 98
86.36 97
88.21 96
91.19 95
93.51 94
95.90 93
98.16 92
101.21 91
105.62 90
109.56 89
113.85 88
118.84 87
123.68 86
128.06 85
131.47 84
136.55 83
141.80 82
150.12 81
159.62 80
167.97 79
176.70 78
184.39 77
198.46 76
210.93 75
229.79 74
247.59 73
261.06 72
274.72 71
292.31 70
342.30 69
356.83 68
391.42 67
407.40 66
444.05 65
465.25 64
534.23 63
558.50 62
610.38 61
683.68 60
762.73 59
807.43 58
838.07 57
924.20 56
1000.42 55
1042.53 54
