0.00 194
0.00 193
0.00 192
0.01 191
0.01 190
0.02 189
0.03 188
0.04 187
0.05 186
0.06 185
0.07 184
0.08 183
0.10 182
0.12 181
0.13 180
0.15 179
0.17 178
0.19 177
0.21 176
0.24 175
0.27 174
0.29 173
0.32 172
0.36 171
0.39 170
0.43 169
0.46 168
0.50 167
0.54 166
0.58 165
0.62 164
0.66 163
0.71 162
0.75 161
0.79 160
0.85 159
0.90 158
0.94 157
0.99 156
1.05 155
1.10 154
1.16 153
1.22 152
1.29 151
1.35 150
1.42 149
1.48 148
1.54 147
1.61 146
1.70 145
1.80 144
1.86 143
1.93 142
2.00 141
2.07 140
2.15 139
2.23 138
2.31 137
2.40 136
2.53 135
2.61 134
2.69 133
2.77 132
2.86 131
2.95 130
3.04 129
3.13 128
3.23 127
3.33 126
3.44 125
3.54 124
3.64 123
3.75 122
3.85 121
3.96 120
4.15 119
4.31 118
4.44 117
4.60 116
4.76 115
4.86 114
4.98 113
5.10 112
5.22 111
5.35 110
5.48 109
5.61 108
5.75 107
5.88 106
6.02 105
6.15 104
6.29 103
6.42 102
6.56 101
6.70 100
6.85 99
7.00 98
7.15 97
7.30 96
7.51 95
7.71 94
7.84 93
7.99 92
8.15 91
8.33 90
8.50 89
8.66 88
8.81 87
9.00 86
9.17 85
9.34 84
9.53 83
9.80 82
10.04 81
10.22 80
