0.00 99
0.00 98
0.00 97
0.00 96
0.00 95
0.00 94
0.00 93
0.01 92
0.01 91
0.02 90
0.02 89
0.03 88
0.03 87
0.03 86
0.04 85
0.04 84
0.04 83
0.05 82
0.05 81
0.06 80
0.06 79
0.07 78
0.07 77
0.08 76
0.09 75
0.10 74
0.10 73
0.11 72
0.12 71
0.12 70
0.13 69
0.14 68
0.14 67
0.15 66
0.16 65
0.16 64
0.17 63
0.17 62
0.18 61
0.19 60
0.19 59
0.20 58
0.20 57
0.21 56
0.22 55
0.23 54
0.23 53
0.24 52
0.25 51
0.25 50
0.26 49
0.26 48
0.27 47
0.28 46
0.28 45
0.29 44
0.30 43
0.31 42
0.31 41
0.32 40
0.33 39
0.34 38
0.35 37
0.36 36
0.37 35
0.38 34
0.39 33
0.40 32
0.41 31
0.42 30
0.43 29
