9.43 410
9.43 409
9.43 408
9.43 407
9.43 406
9.43 405
9.43 404
9.43 403
9.43 402
9.43 401
9.45 400
9.45 399
9.45 398
9.45 397
9.45 396
9.45 395
9.46 394
9.46 393
9.46 392
9.46 391
9.48 390
9.49 389
9.49 388
9.50 387
9.50 386
9.51 385
9.51 384
9.52 383
9.52 382
9.53 381
9.60 380
9.65 379
9.71 378
9.76 377
9.80 376
9.85 375
9.90 374
9.95 373
9.99 372
10.05 371
10.10 370
10.15 369
10.20 368
10.26 367
10.31 366
10.36 365
10.42 364
10.47 363
10.53 362
10.58 361
10.64 360
10.69 359
10.75 358
10.80 357
10.86 356
10.92 355
10.97 354
11.03 353
11.09 352
11.15 351
11.21 350
11.27 349
11.33 348
11.39 347
11.45 346
11.50 345
11.57 344
11.63 343
11.69 342
11.76 341
11.82 340
11.89 339
11.95 338
12.02 337
12.09 336
12.16 335
12.22 334
12.28 333
12.36 332
12.47 331
12.54 330
12.63 329
12.70 328
12.77 327
12.85 326
12.92 325
13.00 324
13.11 323
13.19 322
13.27 321
13.37 320
13.45 319
13.54 318
13.63 317
13.73 316
13.82 315
13.91 314
14.01 313
14.10 312
14.20 311
14.46 310
14.78 309
14.98 308
15.18 307
15.47 306
15.68 305
15.91 304
16.13 303
16.35 302
16.60 301
16.82 300
17.06 299
17.29 298
17.53 297
17.80 296
18.04 295
18.30 294
18.73 293
19.02 292
19.31 291
19.61 290
19.91 289
20.21 288
20.51 287
20.81 286
21.14 285
21.46 284
22.04 283
22.43 282
23.00 281
23.40 280
23.80 279
24.23 278
24.64 277
25.13 276
25.57 275
25.99 274
26.44 273
26.89 272
27.34 271
27.80 270
28.33 269
29.12 268
29.66 267
30.51 266
31.50 265
32.20 264
32.96 263
33.66 262
34.38 261
35.88 260
36.93 259
37.99 258
39.24 257
40.13 256
41.03 255
42.54 254
44.02 253
45.57 252
47.20 251
48.80 250
50.58 249
52.50 248
54.58 247
56.52 246
58.60 245
60.68 244
62.92 243
65.14 242
67.41 241
69.13 240
70.89 239
73.24 238
75.60 237
83.82 236
88.55 235
92.37 234
96.13 233
99.17 232
102.38 231
105.29 230
108.88 229
111.54 228
114.94 227
120.70 226
124.25 225
130.03 224
133.63 223
139.40 222
144.51 221
148.71 220
154.40 219
159.84 218
170.29 217
193.08 216
216.49 215
225.10 214
261.33 213
289.61 212
297.04 211
306.94 210
326.52 209
352.26 208
375.13 207
514.25 206
648.06 205
700.73 204
709.33 203
717.69 202
933.65 201
1073.21 200
1106.97 199
1120.84 198
1213.49 197
1304.27 196
